<?xml version="1.0" encoding="UTF-8"?>
<robot generator="Robot 3.1.2 (Python 3.8.1 on darwin)" generated="20200127 20:48:25.300" rpa="false">
<suite id="s1" name="Test" source="/Users/narong/Desktop/robot/test.robot">
<test id="s1-t1" name="Robot First Test Case">
<kw name="Open Browser" library="Selenium2Library">
<doc>Opens a new browser instance to the optional ``url``.</doc>
<arguments>
<arg>${URL}</arg>
<arg>${Browser}</arg>
</arguments>
<msg timestamp="20200127 20:48:25.521" level="INFO">Opening browser 'Chrome' to base url 'https://www.facebook.com/'.</msg>
<status status="PASS" starttime="20200127 20:48:25.520" endtime="20200127 20:48:31.830"></status>
</kw>
<kw name="Maximize Browser Window" library="Selenium2Library">
<doc>Maximizes current browser window.</doc>
<status status="PASS" starttime="20200127 20:48:31.831" endtime="20200127 20:48:32.078"></status>
</kw>
<kw name="Input Text" library="Selenium2Library">
<doc>Types the given ``text`` into the text field identified by ``locator``.</doc>
<arguments>
<arg>id:email</arg>
<arg>test</arg>
</arguments>
<msg timestamp="20200127 20:48:32.079" level="INFO">Typing text 'test' into text field 'id:email'.</msg>
<status status="PASS" starttime="20200127 20:48:32.078" endtime="20200127 20:48:32.233"></status>
</kw>
<kw name="Input Text" library="Selenium2Library">
<doc>Types the given ``text`` into the text field identified by ``locator``.</doc>
<arguments>
<arg>id:pass</arg>
<arg>test</arg>
</arguments>
<msg timestamp="20200127 20:48:32.234" level="INFO">Typing text 'test' into text field 'id:pass'.</msg>
<status status="PASS" starttime="20200127 20:48:32.234" endtime="20200127 20:48:32.356"></status>
</kw>
<kw name="Click Button" library="Selenium2Library">
<doc>Clicks the button identified by ``locator``.</doc>
<arguments>
<arg>xpath://input[@type='submit']</arg>
</arguments>
<msg timestamp="20200127 20:48:32.358" level="INFO">Clicking button 'xpath://input[@type='submit']'.</msg>
<status status="PASS" starttime="20200127 20:48:32.357" endtime="20200127 20:48:33.380"></status>
</kw>
<kw name="Click Element" library="Selenium2Library">
<doc>Click the element identified by ``locator``.</doc>
<arguments>
<arg>xpath://a[@href='https://www.facebook.com/recover/initiate/?ars=facebook_login']</arg>
</arguments>
<msg timestamp="20200127 20:48:33.381" level="INFO">Clicking element 'xpath://a[@href='https://www.facebook.com/recover/initiate/?ars=facebook_login']'.</msg>
<status status="PASS" starttime="20200127 20:48:33.381" endtime="20200127 20:48:34.687"></status>
</kw>
<status status="PASS" starttime="20200127 20:48:25.519" endtime="20200127 20:48:34.688" critical="yes"></status>
</test>
<status status="PASS" starttime="20200127 20:48:25.307" endtime="20200127 20:48:34.690"></status>
</suite>
<statistics>
<total>
<stat pass="1" fail="0">Critical Tests</stat>
<stat pass="1" fail="0">All Tests</stat>
</total>
<tag>
</tag>
<suite>
<stat pass="1" fail="0" id="s1" name="Test">Test</stat>
</suite>
</statistics>
<errors>
</errors>
</robot>
